TN:
SF:src/presentation/controllers/singup.ts
FN:10,SingUpController
FN:14,handle
FNF:2
FNH:2
FNDA:8,SingUpController
FNDA:8,handle
DA:1,1
DA:2,1
DA:3,1
DA:4,1
DA:5,1
DA:6,1
DA:7,1
DA:8,1
DA:9,1
DA:10,1
DA:11,8
DA:12,8
DA:13,1
DA:14,1
DA:15,8
DA:16,8
DA:17,8
DA:18,8
DA:19,26
DA:20,4
DA:21,4
DA:22,26
DA:23,4
DA:24,4
DA:25,4
DA:26,8
DA:27,1
DA:28,1
DA:29,8
DA:30,8
DA:31,8
DA:32,1
DA:33,1
DA:34,8
DA:35,1
DA:36,1
DA:37,8
DA:38,1
LF:38
LH:38
BRDA:10,0,0,8
BRDA:14,1,0,8
BRDA:18,2,0,26
BRDA:19,3,0,4
BRDA:23,4,0,4
BRDA:26,5,0,1
BRDA:31,6,0,1
BRDA:34,7,0,1
BRF:8
BRH:8
end_of_record
